Building DAG of jobs...
Using shell: /usr/bin/bash
Provided cores: 12
Rules claiming more threads will be scaled down.
Provided resources: mem_mb=32762, mem_mib=31245, disk_mb=32762, disk_mib=31245
Select jobs to execute...

[Sat Sep 23 18:15:11 2023]
rule build_consensus:
    input: /juno/work/greenbaum/users/ahunos/sandbox/results_modkit/results/modkit/D-0-1/D-0-1_modpileup_5mC.bed, /juno/work/greenbaum/users/ahunos/sandbox/results_modkit/results/modkit/D-A-3/D-A-3_modpileup_5mC.bed, /juno/work/greenbaum/users/ahunos/sandbox/results_modkit/results/modkit/D-A-2/D-A-2_modpileup_5mC.bed, /juno/work/greenbaum/users/ahunos/sandbox/results_modkit/results/modkit/D-A-1/D-A-1_modpileup_5mC.bed, /juno/work/greenbaum/users/ahunos/sandbox/results_modkit/results/modkit/D-0-2/D-0-2_modpileup_5mC.bed
    output: results/build_consensus
    log: logs/build_consensus/build_consensus.log
    jobid: 0
    reason: Missing output files: results/build_consensus
    resources: mem_mb=32762, mem_mib=31245, disk_mb=32762, disk_mib=31245, tmpdir=/tmp


        Rscript /juno/work/greenbaum/users/ahunos/sandbox/results_modkit/results/modkit/D-0-1/D-0-1_modpileup_5mC.bed /juno/work/greenbaum/users/ahunos/sandbox/results_modkit/results/modkit/D-A-3/D-A-3_modpileup_5mC.bed /juno/work/greenbaum/users/ahunos/sandbox/results_modkit/results/modkit/D-A-2/D-A-2_modpileup_5mC.bed /juno/work/greenbaum/users/ahunos/sandbox/results_modkit/results/modkit/D-A-1/D-A-1_modpileup_5mC.bed /juno/work/greenbaum/users/ahunos/sandbox/results_modkit/results/modkit/D-0-2/D-0-2_modpileup_5mC.bed          5         0.75         results/build_consensus
         &> logs/build_consensus/build_consensus.log
        
── Attaching core tidyverse packages ──────────────────────── tidyverse 2.0.0 ──
✔ dplyr     1.1.2     ✔ readr     2.1.4
✔ forcats   1.0.0     ✔ stringr   1.5.0
✔ ggplot2   3.4.1     ✔ tibble    3.2.1
✔ lubridate 1.9.2     ✔ tidyr     1.3.0
✔ purrr     1.0.1     
── Conflicts ────────────────────────────────────────── tidyverse_conflicts() ──
✖ ::() masks 
ℹ Use the conflicted package (<http://conflicted.r-lib.org/>) to force all conflicts to become errors
Error: unexpected numeric constant in "chr1    3000826"
Execution halted
[Sat Sep 23 18:15:16 2023]
Error in rule build_consensus:
    jobid: 0
    input: /juno/work/greenbaum/users/ahunos/sandbox/results_modkit/results/modkit/D-0-1/D-0-1_modpileup_5mC.bed, /juno/work/greenbaum/users/ahunos/sandbox/results_modkit/results/modkit/D-A-3/D-A-3_modpileup_5mC.bed, /juno/work/greenbaum/users/ahunos/sandbox/results_modkit/results/modkit/D-A-2/D-A-2_modpileup_5mC.bed, /juno/work/greenbaum/users/ahunos/sandbox/results_modkit/results/modkit/D-A-1/D-A-1_modpileup_5mC.bed, /juno/work/greenbaum/users/ahunos/sandbox/results_modkit/results/modkit/D-0-2/D-0-2_modpileup_5mC.bed
    output: results/build_consensus
    log: logs/build_consensus/build_consensus.log (check log file(s) for error details)
    shell:
        
        Rscript /juno/work/greenbaum/users/ahunos/sandbox/results_modkit/results/modkit/D-0-1/D-0-1_modpileup_5mC.bed /juno/work/greenbaum/users/ahunos/sandbox/results_modkit/results/modkit/D-A-3/D-A-3_modpileup_5mC.bed /juno/work/greenbaum/users/ahunos/sandbox/results_modkit/results/modkit/D-A-2/D-A-2_modpileup_5mC.bed /juno/work/greenbaum/users/ahunos/sandbox/results_modkit/results/modkit/D-A-1/D-A-1_modpileup_5mC.bed /juno/work/greenbaum/users/ahunos/sandbox/results_modkit/results/modkit/D-0-2/D-0-2_modpileup_5mC.bed          5         0.75         results/build_consensus
         &> logs/build_consensus/build_consensus.log
        
        (one of the commands exited with non-zero exit code; note that snakemake uses bash strict mode!)

Shutting down, this might take some time.
Exiting because a job execution failed. Look above for error message
