Building DAG of jobs...
Using shell: /usr/bin/bash
Provided cores: 12
Rules claiming more threads will be scaled down.
Provided resources: mem_mb=32762, mem_mib=31245, disk_mb=32762, disk_mib=31245
Select jobs to execute...

[Sat Sep 23 19:13:21 2023]
rule build_consensus:
    input: /juno/work/greenbaum/users/ahunos/sandbox/results_modkit/results/modkit/D-0-1/D-0-1_modpileup_5mC.bed, /juno/work/greenbaum/users/ahunos/sandbox/results_modkit/results/modkit/D-A-3/D-A-3_modpileup_5mC.bed, /juno/work/greenbaum/users/ahunos/sandbox/results_modkit/results/modkit/D-A-2/D-A-2_modpileup_5mC.bed, /juno/work/greenbaum/users/ahunos/sandbox/results_modkit/results/modkit/D-A-1/D-A-1_modpileup_5mC.bed, /juno/work/greenbaum/users/ahunos/sandbox/results_modkit/results/modkit/D-0-2/D-0-2_modpileup_5mC.bed
    output: results/build_consensus
    log: logs/build_consensus/build_consensus.log
    jobid: 0
    reason: Missing output files: results/build_consensus
    resources: mem_mb=32762, mem_mib=31245, disk_mb=32762, disk_mib=31245, tmpdir=/tmp


        Rscript scripts/R/consensus_gp3.R /juno/work/greenbaum/users/ahunos/sandbox/results_modkit/results/modkit/D-0-1/D-0-1_modpileup_5mC.bed /juno/work/greenbaum/users/ahunos/sandbox/results_modkit/results/modkit/D-A-3/D-A-3_modpileup_5mC.bed /juno/work/greenbaum/users/ahunos/sandbox/results_modkit/results/modkit/D-A-2/D-A-2_modpileup_5mC.bed /juno/work/greenbaum/users/ahunos/sandbox/results_modkit/results/modkit/D-A-1/D-A-1_modpileup_5mC.bed /juno/work/greenbaum/users/ahunos/sandbox/results_modkit/results/modkit/D-0-2/D-0-2_modpileup_5mC.bed          5         0.75         results/build_consensus &> logs/build_consensus/build_consensus.log
        
[Sat Sep 23 19:13:22 2023]
Error in rule build_consensus:
    jobid: 0
    input: /juno/work/greenbaum/users/ahunos/sandbox/results_modkit/results/modkit/D-0-1/D-0-1_modpileup_5mC.bed, /juno/work/greenbaum/users/ahunos/sandbox/results_modkit/results/modkit/D-A-3/D-A-3_modpileup_5mC.bed, /juno/work/greenbaum/users/ahunos/sandbox/results_modkit/results/modkit/D-A-2/D-A-2_modpileup_5mC.bed, /juno/work/greenbaum/users/ahunos/sandbox/results_modkit/results/modkit/D-A-1/D-A-1_modpileup_5mC.bed, /juno/work/greenbaum/users/ahunos/sandbox/results_modkit/results/modkit/D-0-2/D-0-2_modpileup_5mC.bed
    output: results/build_consensus
    log: logs/build_consensus/build_consensus.log (check log file(s) for error details)
    shell:
        
        Rscript scripts/R/consensus_gp3.R /juno/work/greenbaum/users/ahunos/sandbox/results_modkit/results/modkit/D-0-1/D-0-1_modpileup_5mC.bed /juno/work/greenbaum/users/ahunos/sandbox/results_modkit/results/modkit/D-A-3/D-A-3_modpileup_5mC.bed /juno/work/greenbaum/users/ahunos/sandbox/results_modkit/results/modkit/D-A-2/D-A-2_modpileup_5mC.bed /juno/work/greenbaum/users/ahunos/sandbox/results_modkit/results/modkit/D-A-1/D-A-1_modpileup_5mC.bed /juno/work/greenbaum/users/ahunos/sandbox/results_modkit/results/modkit/D-0-2/D-0-2_modpileup_5mC.bed          5         0.75         results/build_consensus &> logs/build_consensus/build_consensus.log
        
        (one of the commands exited with non-zero exit code; note that snakemake uses bash strict mode!)

Shutting down, this might take some time.
Exiting because a job execution failed. Look above for error message
