Building DAG of jobs...
Using shell: /usr/bin/bash
Provided cluster nodes: 500
Job stats:
job                count    min threads    max threads
---------------  -------  -------------  -------------
build_consensus        1              1              1
total                  1              1              1

Select jobs to execute...

[Sat Sep 23 17:58:24 2023]
rule build_consensus:
    input: /juno/work/greenbaum/users/ahunos/sandbox/results_modkit/results/modkit/D-0-1/D-0-1_modpileup_5mC.bed, /juno/work/greenbaum/users/ahunos/sandbox/results_modkit/results/modkit/D-A-3/D-A-3_modpileup_5mC.bed, /juno/work/greenbaum/users/ahunos/sandbox/results_modkit/results/modkit/D-A-2/D-A-2_modpileup_5mC.bed, /juno/work/greenbaum/users/ahunos/sandbox/results_modkit/results/modkit/D-A-1/D-A-1_modpileup_5mC.bed, /juno/work/greenbaum/users/ahunos/sandbox/results_modkit/results/modkit/D-0-2/D-0-2_modpileup_5mC.bed
    output: results/build_consensus
    log: logs/build_consensus/build_consensus.log
    jobid: 0
    reason: Missing output files: results/build_consensus
    resources: mem_mb=32762, mem_mib=31245, disk_mb=32762, disk_mib=31245, tmpdir=<TBD>

RuleException in rule build_consensus in file /juno/work/greenbaum/users/ahunos/apps/methyl_longRead_wf/Snakemake_methyl_analysis_from_dorado_modkit.smk, line 17:
NameError: The name "','" is unknown in this context. Please make sure that you defined that variable. Also note that braces not used for variable access have to be escaped by repeating them, i.e. {{print $1}}, when formatting the following:

        echo "Building consensus for {input:q}..."
        Rscript {','.join(input)}          {params.nReads_build_consen}         {params.Perc_samples_conse}         {output}
         &> {log}
        
