Building DAG of jobs...
Using shell: /usr/bin/bash
Provided cluster nodes: 500
Job stats:
job                count    min threads    max threads
---------------  -------  -------------  -------------
build_consensus        1              1              1
total                  1              1              1

Select jobs to execute...

[Sat Sep 23 19:07:01 2023]
rule build_consensus:
    input: /juno/work/greenbaum/users/ahunos/sandbox/results_modkit/results/modkit/D-0-1/D-0-1_modpileup_5mC.bed, /juno/work/greenbaum/users/ahunos/sandbox/results_modkit/results/modkit/D-A-3/D-A-3_modpileup_5mC.bed, /juno/work/greenbaum/users/ahunos/sandbox/results_modkit/results/modkit/D-A-2/D-A-2_modpileup_5mC.bed, /juno/work/greenbaum/users/ahunos/sandbox/results_modkit/results/modkit/D-A-1/D-A-1_modpileup_5mC.bed, /juno/work/greenbaum/users/ahunos/sandbox/results_modkit/results/modkit/D-0-2/D-0-2_modpileup_5mC.bed
    output: results/build_consensus
    log: logs/build_consensus/build_consensus.log
    jobid: 0
    reason: Missing output files: results/build_consensus
    resources: mem_mb=32762, mem_mib=31245, disk_mb=32762, disk_mib=31245, tmpdir=<TBD>


        Rscript /juno/work/greenbaum/users/ahunos/sandbox/results_modkit/results/modkit/D-0-1/D-0-1_modpileup_5mC.bed /juno/work/greenbaum/users/ahunos/sandbox/results_modkit/results/modkit/D-A-3/D-A-3_modpileup_5mC.bed /juno/work/greenbaum/users/ahunos/sandbox/results_modkit/results/modkit/D-A-2/D-A-2_modpileup_5mC.bed /juno/work/greenbaum/users/ahunos/sandbox/results_modkit/results/modkit/D-A-1/D-A-1_modpileup_5mC.bed /juno/work/greenbaum/users/ahunos/sandbox/results_modkit/results/modkit/D-0-2/D-0-2_modpileup_5mC.bed          5         0.75         results/build_consensus &> logs/build_consensus/build_consensus.log
        
Submitted job 0 with external jobid 'Job <81140452> is submitted to queue <general>.'.
[Sat Sep 23 19:07:51 2023]
Error in rule build_consensus:
    jobid: 0
    input: /juno/work/greenbaum/users/ahunos/sandbox/results_modkit/results/modkit/D-0-1/D-0-1_modpileup_5mC.bed, /juno/work/greenbaum/users/ahunos/sandbox/results_modkit/results/modkit/D-A-3/D-A-3_modpileup_5mC.bed, /juno/work/greenbaum/users/ahunos/sandbox/results_modkit/results/modkit/D-A-2/D-A-2_modpileup_5mC.bed, /juno/work/greenbaum/users/ahunos/sandbox/results_modkit/results/modkit/D-A-1/D-A-1_modpileup_5mC.bed, /juno/work/greenbaum/users/ahunos/sandbox/results_modkit/results/modkit/D-0-2/D-0-2_modpileup_5mC.bed
    output: results/build_consensus
    log: logs/build_consensus/build_consensus.log (check log file(s) for error details)
    shell:
        
        Rscript /juno/work/greenbaum/users/ahunos/sandbox/results_modkit/results/modkit/D-0-1/D-0-1_modpileup_5mC.bed /juno/work/greenbaum/users/ahunos/sandbox/results_modkit/results/modkit/D-A-3/D-A-3_modpileup_5mC.bed /juno/work/greenbaum/users/ahunos/sandbox/results_modkit/results/modkit/D-A-2/D-A-2_modpileup_5mC.bed /juno/work/greenbaum/users/ahunos/sandbox/results_modkit/results/modkit/D-A-1/D-A-1_modpileup_5mC.bed /juno/work/greenbaum/users/ahunos/sandbox/results_modkit/results/modkit/D-0-2/D-0-2_modpileup_5mC.bed          5         0.75         results/build_consensus &> logs/build_consensus/build_consensus.log
        
        (one of the commands exited with non-zero exit code; note that snakemake uses bash strict mode!)
    cluster_jobid: Job <81140452> is submitted to queue <general>.

Error executing rule build_consensus on cluster (jobid: 0, external: Job <81140452> is submitted to queue <general>., jobscript: /juno/work/greenbaum/users/ahunos/apps/methyl_longRead_wf/.snakemake/tmp.9sjl3sv8/s.0.build_consensus). For error details see the cluster log and the log files of the involved rule(s).
Exiting because a job execution failed. Look above for error message
Complete log: .snakemake/log/2023-09-23T190700.051673.snakemake.log
